15:02:44: Creating resource group General
15:02:44: Creating resource group OgreInternal
15:02:44: Creating resource group OgreAutodetect
15:02:44: Registering ResourceManager for type Mesh
15:02:44: Registering ResourceManager for type Material
15:02:44: Registering ResourceManager for type Skeleton
15:02:44: XMLMeshSerializer reading mesh data from C:\Users\JoeMuzina\Desktop\b2o\Cube.mesh.xml...
15:02:44: Reading geometry...
15:02:44: Geometry done...
15:02:44: Reading submeshes...
15:02:44: Submeshes done.
15:02:44: Reading mesh names...
15:02:44: Mesh names done.
15:02:44: XMLMeshSerializer import successful.
15:02:44: MeshSerializer writing mesh data to stream ...
15:02:44: File header written.
15:02:44: Writing mesh data...
15:02:44: Writing submesh...
15:02:44: Exporting submesh texture aliases...
15:02:44: Submesh texture aliases exported.
15:02:44: Submesh exported.
15:02:44: Writing submesh...
15:02:44: Exporting submesh texture aliases...
15:02:44: Submesh texture aliases exported.
15:02:44: Submesh exported.
15:02:44: Writing submesh...
15:02:44: Exporting submesh texture aliases...
15:02:44: Submesh texture aliases exported.
15:02:44: Submesh exported.
15:02:44: Writing submesh...
15:02:44: Exporting submesh texture aliases...
15:02:44: Submesh texture aliases exported.
15:02:44: Submesh exported.
15:02:44: Writing submesh...
15:02:44: Exporting submesh texture aliases...
15:02:44: Submesh texture aliases exported.
15:02:44: Submesh exported.
15:02:44: Exporting bounds information....
15:02:44: Bounds information exported.
15:02:44: Exporting submesh name table...
15:02:44: Submesh name table exported.
15:02:44: Mesh data exported.
15:02:44: MeshSerializer export successful.
15:02:44: Unregistering ResourceManager for type Skeleton
15:02:44: Unregistering ResourceManager for type Material
15:02:44: Unregistering ResourceManager for type Mesh
